pip install -r requirements.txt
python --version
echo Now there will be Ansible basic practice commands
terraform output
cd brdm88_infra/terraform/stage/
terraform output

ansible appserver -i ./inventory -m ping
which ansible
ansible dbserver -i ./inventory -m ping
mc
ansible appserver -i ./inventory -m command -a 'uptime'
ansible dbserver -i ./inventory -m command -a 'echo 123'
ansible dbserver -m command -a uptime
ansible app -m ping
ansible all -m ping
ansible all -m ping -i ./inventory.yml
cat ./inventory.yml 

ansible all -m ping -i ./invjson.json 

ansible app -m command -a 'ruby -v'
ansible app -m command -a 'bundle -v'
ansible db -m command -a 'systemctl status mongod'
ansible app -m shell -a 'ruby -v; bundle -v'
ansible db -m shell -a 'systemctl status mongod'
ansible db -m systemd -a 'name=mongod'
ansible db -m service -a name=mongod

ansible app -m git -a 'repo=https://github.com/Otus-DevOps-2017-11/reddit.git dest=/home/appuser/reddit'
ansible app -m command -a 'git clone https://github.com/Otus-DevOps-2017-11/reddit.git /home/appuser/reddit'
